<?xml version="1.0" encoding="UTF-8"?>
<!-- Generated by org.testng.reporters.JUnitReportReporter -->
<testsuite hostname="VaibhavBY" failures="0" tests="1" name="tests.Screenshot1" time="13.200" errors="0" timestamp="2024-02-13T12:10:22 IST" skipped="0">
  <testcase classname="tests.Screenshot1" name="click1" time="13.200"/>
  <system-out/>
</testsuite> <!-- tests.Screenshot1 -->
